<?xml version="1.0" encoding="UTF-8"?>
<testng-results skipped="0" failed="0" total="30" passed="30">
  <reporter-output>
  </reporter-output>
  <suite name="Gradle suite" duration-ms="104242" started-at="2019-10-09T14:11:11Z" finished-at="2019-10-09T14:12:55Z">
    <groups>
    </groups>
    <test name="Gradle test" duration-ms="104242" started-at="2019-10-09T14:11:11Z" finished-at="2019-10-09T14:12:55Z">
      <class name="FleetTests.AssetTrack.AssetTrackForId">
        <test-method status="PASS" signature="ATtrackingidmethod(java.lang.String)" name="ATtrackingidmethod" duration-ms="1515" started-at="2019-10-09T14:11:32Z" finished-at="2019-10-09T14:11:34Z">
          <params>
            <param index="0">
              <value>
                <![CDATA[{"latitude":"12.911965232333293","longitude":"77.65163523430478","qr_identifier":"KA-01-AC-1994"}]]>
              </value>
            </param>
          </params>
        </test-method>
      </class>
      <class name="FleetTests.Attendance.PunchOut">
        <test-method status="PASS" signature="verifywrongpunchIn(java.lang.String)" name="verifywrongpunchIn" duration-ms="1554" started-at="2019-10-09T14:12:34Z" finished-at="2019-10-09T14:12:36Z">
          <params>
            <param index="0">
              <value>
                <![CDATA[{"latitude":"12.911965232333293","longitude":"77.65163523430478"}]]>
              </value>
            </param>
          </params>
        </test-method>
      </class>
      <class name="FleetTests.Accounts.VerifyOTP">
        <test-method status="PASS" signature="verify_otp_fail(java.lang.String)" name="verify_otp_fail" duration-ms="1580" started-at="2019-10-09T14:11:15Z" finished-at="2019-10-09T14:11:17Z">
          <params>
            <param index="0">
              <value>
                <![CDATA[{"otp":"134680","mobile":"9999999999"}]]>
              </value>
            </param>
          </params>
        </test-method>
        <test-method status="PASS" signature="verify_otp_pass(java.lang.String)" name="verify_otp_pass" duration-ms="1590" started-at="2019-10-09T14:11:17Z" finished-at="2019-10-09T14:11:18Z">
          <params>
            <param index="0">
              <value>
                <![CDATA[{"otp":"134680","mobile":"6361859543"}]]>
              </value>
            </param>
          </params>
        </test-method>
      </class>
      <class name="FleetTests.AssetTrack.StartAssetTracking">
        <test-method status="PASS" signature="StartAssetTrack(java.lang.String)" name="StartAssetTrack" duration-ms="1581" started-at="2019-10-09T14:11:57Z" finished-at="2019-10-09T14:11:59Z">
          <params>
            <param index="0">
              <value>
                <![CDATA[{"latitude":"12.911965232333293","longitude":"77.65163523430478","qr_identifier":"Z33JM5Z"}]]>
              </value>
            </param>
          </params>
        </test-method>
      </class>
      <class name="FleetTests.AssetTrack.AssetTrackForUnderServicing">
        <test-method status="PASS" signature="ATtrackingidmethod(java.lang.String)" name="ATtrackingidmethod" duration-ms="1826" started-at="2019-10-09T14:11:45Z" finished-at="2019-10-09T14:11:47Z">
          <params>
            <param index="0">
              <value>
                <![CDATA[{"latitude":"12.911965232333293","longitude":"77.65163523430478","qr_identifier":"3VDBJQN"}]]>
              </value>
            </param>
          </params>
        </test-method>
      </class>
      <class name="FleetTests.AssetTrack.AssetTrackForUnderBooking">
        <test-method status="PASS" signature="ATtrackingidmethod(java.lang.String)" name="ATtrackingidmethod" duration-ms="1609" started-at="2019-10-09T14:11:37Z" finished-at="2019-10-09T14:11:39Z">
          <params>
            <param index="0">
              <value>
                <![CDATA[{"latitude":"12.911965232333293","longitude":"77.65163523430478","qr_identifier":"3VDBJQN"}]]>
              </value>
            </param>
          </params>
        </test-method>
      </class>
      <class name="FleetTests.AssetTrack.ZCompleteAssetTrack">
        <test-method status="PASS" signature="CompleteAssetTracknormal(java.lang.String)" name="CompleteAssetTracknormal" duration-ms="2429" started-at="2019-10-09T14:12:12Z" finished-at="2019-10-09T14:12:14Z">
          <params>
            <param index="0">
              <value>
                <![CDATA[{"latitude":"12.911965232333293","longitude":"77.65163523430478","current_km_reading":"22","image_url":"https://s3.ap-south-1.amazonaws.com/test.consumer.vogo.tech/fleet/refueling/images/8224ee18-711d-4aab-8bbb-f09b9f104ad7.jpeg","is_iot_box_working":"true","is_otp_working":"true","helmet_count":"1","is_document_available":"true","fuel_level":"6","is_vehicle_damaged":"false"}]]>
              </value>
            </param>
          </params>
        </test-method>
        <test-method status="PASS" signature="CompleteAssetTracknormal(java.lang.String)" name="CompleteAssetTracknormal" duration-ms="2040" started-at="2019-10-09T14:12:14Z" finished-at="2019-10-09T14:12:16Z">
          <params>
            <param index="0">
              <value>
                <![CDATA[{"latitude":"12.911965232333293","longitude":"77.65163523430478","current_km_reading":"22","image_url":"https://s3.ap-south-1.amazonaws.com/test.consumer.vogo.tech/fleet/refueling/images/8224ee18-711d-4aab-8bbb-f09b9f104ad7.jpeg","is_iot_box_working":"true","is_otp_working":"true","helmet_count":"1","is_document_available":"true","fuel_level":"0","is_vehicle_damaged":"false"}]]>
              </value>
            </param>
          </params>
        </test-method>
        <test-method status="PASS" signature="CompleteAssetTracknormal(java.lang.String)" name="CompleteAssetTracknormal" duration-ms="1769" started-at="2019-10-09T14:12:16Z" finished-at="2019-10-09T14:12:18Z">
          <params>
            <param index="0">
              <value>
                <![CDATA[{"latitude":"12.911965232333293","longitude":"77.65163523430478","current_km_reading":"22","image_url":"https://s3.ap-south-1.amazonaws.com/test.consumer.vogo.tech/fleet/refueling/images/8224ee18-711d-4aab-8bbb-f09b9f104ad7.jpeg","is_iot_box_working":"true","is_otp_working":"true","helmet_count":"1","is_document_available":"true","fuel_level":"0","is_vehicle_damaged":"false"}]]>
              </value>
            </param>
          </params>
        </test-method>
        <test-method status="PASS" signature="InCompleteAssetTrackWrongKMreading(java.lang.String)" name="InCompleteAssetTrackWrongKMreading" duration-ms="3350" started-at="2019-10-09T14:12:21Z" finished-at="2019-10-09T14:12:25Z">
          <params>
            <param index="0">
              <value>
                <![CDATA[{"latitude":"12.911965232333293","longitude":"77.65163523430478","current_km_reading":"47832434234","image_url":"https://s3.ap-south-1.amazonaws.com/test.consumer.vogo.tech/fleet/refueling/images/8224ee18-711d-4aab-8bbb-f09b9f104ad7.jpeg","is_iot_box_working":"true","is_otp_working":"true","helmet_count":"1","is_document_available":"true","fuel_level":"6","is_vehicle_damaged":"false"}]]>
              </value>
            </param>
          </params>
        </test-method>
        <test-method status="PASS" signature="InCompleteAssetTrackWrongKMreading(java.lang.String)" name="InCompleteAssetTrackWrongKMreading" duration-ms="3302" started-at="2019-10-09T14:12:25Z" finished-at="2019-10-09T14:12:28Z">
          <params>
            <param index="0">
              <value>
                <![CDATA[{"latitude":"12.911965232333293","longitude":"77.65163523430478","current_km_reading":"","image_url":"https://s3.ap-south-1.amazonaws.com/test.consumer.vogo.tech/fleet/refueling/images/8224ee18-711d-4aab-8bbb-f09b9f104ad7.jpeg","is_iot_box_working":"true","is_otp_working":"true","helmet_count":"1","is_document_available":"true","fuel_level":"6","is_vehicle_damaged":"false"}]]>
              </value>
            </param>
          </params>
        </test-method>
      </class>
      <class name="FleetTests.Attendance.Roaster">
        <test-method status="PASS" signature="RoasterDetails()" name="RoasterDetails" duration-ms="1847" started-at="2019-10-09T14:12:36Z" finished-at="2019-10-09T14:12:38Z">
        </test-method>
      </class>
      <class name="FleetTests.Accounts.VerifyLogin">
        <test-method status="PASS" signature="verify_login(java.lang.String)" name="verify_login" duration-ms="4178" started-at="2019-10-09T14:11:11Z" finished-at="2019-10-09T14:11:15Z">
          <params>
            <param index="0">
              <value>
                <![CDATA[{"mobile":"6361859543"}]]>
              </value>
            </param>
          </params>
        </test-method>
      </class>
      <class name="FleetTests.Attendance.PunchIn">
        <test-method status="PASS" signature="verifypunchIn(java.lang.String)" name="verifypunchIn" duration-ms="1635" started-at="2019-10-09T14:12:31Z" finished-at="2019-10-09T14:12:33Z">
          <params>
            <param index="0">
              <value>
                <![CDATA[{"latitude":"12.911965232333293","longitude":"77.65163523430478"}]]>
              </value>
            </param>
          </params>
        </test-method>
        <test-method status="PASS" signature="verifywrongpunchIn(java.lang.String)" name="verifywrongpunchIn" duration-ms="1509" started-at="2019-10-09T14:12:33Z" finished-at="2019-10-09T14:12:34Z">
          <params>
            <param index="0">
              <value>
                <![CDATA[{"latitude":"12.911965232333293","longitude":"77.65163523430478"}]]>
              </value>
            </param>
          </params>
        </test-method>
      </class>
      <class name="FleetTests.Stations.Stations">
        <test-method status="PASS" signature="StationsDetails()" name="StationsDetails" duration-ms="1546" started-at="2019-10-09T14:12:41Z" finished-at="2019-10-09T14:12:43Z">
        </test-method>
        <test-method status="PASS" signature="StationsDetails_IncorrectId()" name="StationsDetails_IncorrectId" duration-ms="1488" started-at="2019-10-09T14:12:43Z" finished-at="2019-10-09T14:12:44Z">
        </test-method>
      </class>
      <class name="FleetTests.Attendance.AddOvertime">
        <test-method status="PASS" signature="verifyAddOvertime(java.lang.String)" name="verifyAddOvertime" duration-ms="1602" started-at="2019-10-09T14:12:44Z" finished-at="2019-10-09T14:12:46Z">
          <params>
            <param index="0">
              <value>
                <![CDATA[{"latitude":"12.911965232333293","longitude":"77.65163523430478","overtime_minutes":"60"}]]>
              </value>
            </param>
          </params>
        </test-method>
        <test-method status="PASS" signature="verifyIncorrectAddOvertime(java.lang.String)" name="verifyIncorrectAddOvertime" duration-ms="1607" started-at="2019-10-09T14:12:46Z" finished-at="2019-10-09T14:12:47Z">
          <params>
            <param index="0">
              <value>
                <![CDATA[{"latitude":"12.911965232333293","longitude":"77.65163523430478","overtime_minutes":"60"}]]>
              </value>
            </param>
          </params>
        </test-method>
        <test-method status="PASS" signature="rejectAddOvertime(java.lang.String)" name="rejectAddOvertime" duration-ms="2138" started-at="2019-10-09T14:12:47Z" finished-at="2019-10-09T14:12:49Z">
          <params>
            <param index="0">
              <value>
                <![CDATA[{"latitude":"12.911965232333293","longitude":"77.65163523430478","overtime_id":"90","overtime_minutes":"120","status":"rejected"}]]>
              </value>
            </param>
          </params>
        </test-method>
        <test-method status="PASS" signature="RequestAddOvertimeAgain(java.lang.String)" name="RequestAddOvertimeAgain" duration-ms="1738" started-at="2019-10-09T14:12:49Z" finished-at="2019-10-09T14:12:51Z">
          <params>
            <param index="0">
              <value>
                <![CDATA[{"latitude":"12.911965232333293","longitude":"77.65163523430478","overtime_minutes":"60"}]]>
              </value>
            </param>
          </params>
        </test-method>
        <test-method status="PASS" signature="ChangeHourApproveOvertimeMethod(java.lang.String)" name="ChangeHourApproveOvertimeMethod" duration-ms="2073" started-at="2019-10-09T14:12:51Z" finished-at="2019-10-09T14:12:53Z">
          <params>
            <param index="0">
              <value>
                <![CDATA[{"latitude":"12.911965232333293","longitude":"77.65163523430478","overtime_id":"91","overtime_minutes":"120","status":"approved"}]]>
              </value>
            </param>
          </params>
        </test-method>
        <test-method status="PASS" signature="VerifyApproveOvertime(java.lang.String)" name="VerifyApproveOvertime" duration-ms="1693" started-at="2019-10-09T14:12:53Z" finished-at="2019-10-09T14:12:55Z">
          <params>
            <param index="0">
              <value>
                <![CDATA[{"latitude":"12.911965232333293","longitude":"77.65163523430478","overtime_id":"91","overtime_minutes":"60","status":"approved"}]]>
              </value>
            </param>
          </params>
        </test-method>
      </class>
      <class name="FleetTests.Accounts.verifyProfile">
        <test-method status="PASS" signature="verifyProfile()" name="verifyProfile" duration-ms="2269" started-at="2019-10-09T14:11:18Z" finished-at="2019-10-09T14:11:20Z">
        </test-method>
        <test-method status="PASS" signature="verifyProfile_IncorrectToken()" name="verifyProfile_IncorrectToken" duration-ms="1545" started-at="2019-10-09T14:11:20Z" finished-at="2019-10-09T14:11:22Z">
        </test-method>
      </class>
      <class name="FleetTests.Attendance.Penality">
        <test-method status="PASS" signature="PenalityDetails()" name="PenalityDetails" duration-ms="1618" started-at="2019-10-09T14:12:28Z" finished-at="2019-10-09T14:12:30Z">
        </test-method>
        <test-method status="PASS" signature="PenalityDetails_IncorrectToken()" name="PenalityDetails_IncorrectToken" duration-ms="1631" started-at="2019-10-09T14:12:30Z" finished-at="2019-10-09T14:12:31Z">
        </test-method>
      </class>
      <class name="FleetTests.Attendance.Summary">
        <test-method status="PASS" signature="AttendanceSummary()" name="AttendanceSummary" duration-ms="1635" started-at="2019-10-09T14:12:38Z" finished-at="2019-10-09T14:12:39Z">
        </test-method>
        <test-method status="PASS" signature="AttendanceSummary_IncorrectToken()" name="AttendanceSummary_IncorrectToken" duration-ms="1523" started-at="2019-10-09T14:12:39Z" finished-at="2019-10-09T14:12:41Z">
        </test-method>
      </class>
    </test>
  </suite>
</testng-results>
