<?xml version="1.0" encoding="UTF-8"?>
<testng-results skipped="0" failed="0" total="5" passed="5">
  <reporter-output>
  </reporter-output>
  <suite name="functionalTestSuite" duration-ms="11760" started-at="2019-08-08T12:06:11Z" finished-at="2019-08-08T12:06:23Z">
    <groups>
    </groups>
    <test name="functionalTest" duration-ms="11760" started-at="2019-08-08T12:06:11Z" finished-at="2019-08-08T12:06:23Z">
      <class name="FleetTests.Accounts.VerifyLogin">
        <test-method status="PASS" signature="verify_login(java.lang.String)" name="verify_login" duration-ms="4672" started-at="2019-08-08T12:06:11Z" finished-at="2019-08-08T12:06:16Z">
          <params>
            <param index="0">
              <value>
                <![CDATA[6361859543]]>
              </value>
            </param>
          </params>
        </test-method>
        <test-method status="PASS" signature="verify_login(java.lang.String)" name="verify_login" duration-ms="1592" started-at="2019-08-08T12:06:16Z" finished-at="2019-08-08T12:06:18Z">
          <params>
            <param index="0">
              <value>
                <![CDATA[7019639205]]>
              </value>
            </param>
          </params>
        </test-method>
      </class>
      <class name="FleetTests.Accounts.VerifyOTP">
        <test-method status="PASS" signature="verify_otp()" name="verify_otp" duration-ms="1794" started-at="2019-08-08T12:06:18Z" finished-at="2019-08-08T12:06:19Z">
        </test-method>
      </class>
      <class name="FleetTests.AssetTrack.StartAssetTracking">
        <test-method status="PASS" signature="AssetTracking()" name="AssetTracking" duration-ms="2216" started-at="2019-08-08T12:06:21Z" finished-at="2019-08-08T12:06:23Z">
        </test-method>
      </class>
      <class name="FleetTests.Accounts.verifyProfile">
        <test-method status="PASS" signature="verifyProfile()" name="verifyProfile" duration-ms="1473" started-at="2019-08-08T12:06:19Z" finished-at="2019-08-08T12:06:21Z">
        </test-method>
      </class>
    </test>
  </suite>
</testng-results>
